2016-09-21 16:27:42,114 [Worker-1] INFO  c.g.t.t.d.PublishedGradleVersions - Gradle version information cache is out-of-date. Trying to update.
2016-09-28 16:27:38,554 [Worker-0] INFO  c.g.t.t.d.PublishedGradleVersions - Gradle version information cache is out-of-date. Trying to update.
2016-09-30 13:24:09,592 [Worker-1] INFO  c.g.t.t.d.PublishedGradleVersions - Gradle version information cache is out-of-date. Trying to update.
2016-10-05 16:28:45,229 [Worker-2] INFO  c.g.t.t.d.PublishedGradleVersions - Gradle version information cache is out-of-date. Trying to update.
2016-10-12 16:38:19,367 [Worker-0] INFO  c.g.t.t.d.PublishedGradleVersions - Gradle version information cache is out-of-date. Trying to update.
2016-10-14 09:31:21,957 [Worker-0] INFO  c.g.t.t.d.PublishedGradleVersions - Gradle version information cache is out-of-date. Trying to update.
2016-10-14 09:38:57,963 [Worker-0] INFO  c.g.t.t.d.PublishedGradleVersions - Gradle version information cache is up-to-date. Trying to read.
2016-10-14 13:25:41,298 [Worker-1] INFO  c.g.t.t.d.PublishedGradleVersions - Gradle version information cache is up-to-date. Trying to read.
2016-10-19 16:29:57,350 [Worker-0] INFO  c.g.t.t.d.PublishedGradleVersions - Gradle version information cache is out-of-date. Trying to update.
2016-10-26 16:29:15,210 [Worker-0] INFO  c.g.t.t.d.PublishedGradleVersions - Gradle version information cache is out-of-date. Trying to update.
2016-11-02 16:32:26,795 [Worker-3] INFO  c.g.t.t.d.PublishedGradleVersions - Gradle version information cache is out-of-date. Trying to update.
2016-11-02 16:35:07,989 [Worker-2] INFO  c.g.t.t.d.PublishedGradleVersions - Gradle version information cache is up-to-date. Trying to read.
2016-11-02 17:18:39,337 [Worker-1] INFO  c.g.t.t.d.PublishedGradleVersions - Gradle version information cache is up-to-date. Trying to read.
2016-11-02 17:25:39,168 [Worker-3] INFO  c.g.t.t.d.PublishedGradleVersions - Gradle version information cache is up-to-date. Trying to read.
2016-11-09 16:31:10,410 [Worker-1] INFO  c.g.t.t.d.PublishedGradleVersions - Gradle version information cache is out-of-date. Trying to update.
2016-11-09 16:46:38,587 [Start Help Server] INFO  org.eclipse.jetty.util.log - Logging initialized @958603ms
2016-11-09 16:46:38,686 [Start Help Server] INFO  org.eclipse.jetty.server.Server - jetty-9.3.9.v20160517
2016-11-09 16:46:38,724 [Start Help Server] INFO  o.e.j.server.handler.ContextHandler - Started o.e.j.s.ServletContextHandler@28cd6d25{/help,null,AVAILABLE}
2016-11-09 16:46:38,741 [Start Help Server] INFO  o.e.jetty.server.AbstractConnector - Started ServerConnector@1415ba10{HTTP/1.1,[http/1.1]}{127.0.0.1:49845}
2016-11-09 16:46:38,741 [Start Help Server] INFO  org.eclipse.jetty.server.Server - Started @958757ms
2016-11-09 17:20:00,188 [Stop Help Server] INFO  o.e.jetty.server.AbstractConnector - Stopped ServerConnector@1415ba10{HTTP/1.1,[http/1.1]}{127.0.0.1:0}
2016-11-09 17:20:00,197 [Stop Help Server] INFO  o.e.j.server.handler.ContextHandler - Stopped o.e.j.s.ServletContextHandler@28cd6d25{/help,null,UNAVAILABLE}
2016-11-11 13:27:02,747 [Worker-1] INFO  c.g.t.t.d.PublishedGradleVersions - Gradle version information cache is out-of-date. Trying to update.
2016-11-11 14:07:58,990 [Start Help Server] INFO  org.eclipse.jetty.util.log - Logging initialized @2473925ms
2016-11-11 14:07:59,099 [Start Help Server] INFO  org.eclipse.jetty.server.Server - jetty-9.3.9.v20160517
2016-11-11 14:07:59,142 [Start Help Server] INFO  o.e.j.server.handler.ContextHandler - Started o.e.j.s.ServletContextHandler@562b5daa{/help,null,AVAILABLE}
2016-11-11 14:07:59,164 [Start Help Server] INFO  o.e.jetty.server.AbstractConnector - Started ServerConnector@70040fed{HTTP/1.1,[http/1.1]}{127.0.0.1:49727}
2016-11-11 14:07:59,165 [Start Help Server] INFO  org.eclipse.jetty.server.Server - Started @2474100ms
2016-11-11 16:20:27,814 [Stop Help Server] INFO  o.e.jetty.server.AbstractConnector - Stopped ServerConnector@70040fed{HTTP/1.1,[http/1.1]}{127.0.0.1:0}
2016-11-11 16:20:27,824 [Stop Help Server] INFO  o.e.j.server.handler.ContextHandler - Stopped o.e.j.s.ServletContextHandler@562b5daa{/help,null,UNAVAILABLE}
2016-11-11 16:21:33,687 [Worker-0] INFO  c.g.t.t.d.PublishedGradleVersions - Gradle version information cache is up-to-date. Trying to read.
2016-11-16 16:33:27,863 [Worker-2] INFO  c.g.t.t.d.PublishedGradleVersions - Gradle version information cache is out-of-date. Trying to update.
2016-11-16 16:33:40,410 [Worker-2] INFO  c.g.t.t.d.PublishedGradleVersions - Updating Gradle version information cache failed. Using outdated cache.
2016-11-18 13:21:17,108 [Worker-0] INFO  c.g.t.t.d.PublishedGradleVersions - Gradle version information cache is out-of-date. Trying to update.
2016-11-18 13:42:09,079 [Start Help Server] INFO  org.eclipse.jetty.util.log - Logging initialized @1272657ms
2016-11-18 13:42:09,176 [Start Help Server] INFO  org.eclipse.jetty.server.Server - jetty-9.3.9.v20160517
2016-11-18 13:42:09,213 [Start Help Server] INFO  o.e.j.server.handler.ContextHandler - Started o.e.j.s.ServletContextHandler@245dd3d2{/help,null,AVAILABLE}
2016-11-18 13:42:09,230 [Start Help Server] INFO  o.e.jetty.server.AbstractConnector - Started ServerConnector@2a64fe9c{HTTP/1.1,[http/1.1]}{127.0.0.1:49922}
2016-11-18 13:42:09,230 [Start Help Server] INFO  org.eclipse.jetty.server.Server - Started @1272808ms
2016-11-18 16:27:37,807 [Stop Help Server] INFO  o.e.jetty.server.AbstractConnector - Stopped ServerConnector@2a64fe9c{HTTP/1.1,[http/1.1]}{127.0.0.1:0}
2016-11-18 16:27:37,817 [Stop Help Server] INFO  o.e.j.server.handler.ContextHandler - Stopped o.e.j.s.ServletContextHandler@245dd3d2{/help,null,UNAVAILABLE}
